<?xml version="1.0" encoding="UTF-8"?>
<!-- Generated by org.testng.reporters.JUnitXMLReporter -->
<testsuite ignored="0" hostname="akshay" failures="0" tests="1" name="Test" time="0.063" errors="0" timestamp="2022-12-01T14:49:50 IST">
  <testcase classname="com.qa.testscripts.Testbase" name="@BeforeClass open_browswe" time="-1.669886390576E9">
    <failure type="org.testng.TestNGException" message="
Parameter &amp;apos;Browser&amp;apos; is required by BeforeClass on method open_browswe but has not been marked @Optional or defined
in C:\Users\aksha\w2\TestExcel\testng.xml">
      <![CDATA[org.testng.TestNGException: 
Parameter 'Browser' is required by BeforeClass on method open_browswe but has not been marked @Optional or defined
in C:\Users\aksha\w2\TestExcel\testng.xml
at java.base/java.util.ArrayList.forEach(ArrayList.java:1511)
... Removed 22 stack frames]]>
    </failure>
  </testcase> <!-- @BeforeClass open_browswe -->
  <testcase classname="com.qa.testscripts.AmazonSearch" name="getTest" time="0.0">
    <skipped/>
  </testcase> <!-- getTest -->
</testsuite> <!-- Test -->
