<?xml version="1.0" encoding="UTF-8"?>
<!-- Generated by org.testng.reporters.JUnitXMLReporter -->
<testsuite ignored="0" hostname="akshay" failures="1" tests="5" name="Test edge" time="133.165" errors="0" timestamp="2022-12-08T07:51:06 IST">
  <testcase classname="com.qa.testscripts.AmazonSearch" name="getTest" time="28.065"/>
  <testcase classname="com.qa.testscripts.AmazonSearch" name="getTest" time="30.306"/>
  <testcase classname="com.qa.testscripts.AmazonSearch" name="getTest" time="26.517"/>
  <testcase classname="com.qa.testscripts.AmazonSearch" name="getTest" time="17.002"/>
  <testcase classname="com.qa.testscripts.AmazonSearch" name="getTest" time="8.445">
    <failure type="org.openqa.selenium.NoSuchElementException" message="Cannot locate element with text: abcd
For documentation on this error, please visit: https://www.seleniumhq.org/exceptions/no_such_element.html
Build info: version: &amp;apos;3.141.59&amp;apos;, revision: &amp;apos;e82be7d358&amp;apos;, time: &amp;apos;2018-11-14T08:17:03&amp;apos;
System info: host: &amp;apos;AKSHAY&amp;apos;, ip: &amp;apos;192.168.173.144&amp;apos;, os.name: &amp;apos;Windows 10&amp;apos;, os.arch: &amp;apos;amd64&amp;apos;, os.version: &amp;apos;10.0&amp;apos;, java.version: &amp;apos;17.0.1&amp;apos;
Driver info: driver.version: unknown">
      <![CDATA[org.openqa.selenium.NoSuchElementException: Cannot locate element with text: abcd
For documentation on this error, please visit: https://www.seleniumhq.org/exceptions/no_such_element.html
Build info: version: '3.141.59', revision: 'e82be7d358', time: '2018-11-14T08:17:03'
System info: host: 'AKSHAY', ip: '192.168.173.144', os.name: 'Windows 10', os.arch: 'amd64', os.version: '10.0', java.version: '17.0.1'
Driver info: driver.version: unknown
at org.openqa.selenium.support.ui.Select.selectByVisibleText(Select.java:147)
at com.qa.testscripts.AmazonSearch.getTest(AmazonSearch.java:46)
at java.base/java.util.ArrayList.forEach(ArrayList.java:1511)
... Removed 27 stack frames]]>
    </failure>
  </testcase> <!-- getTest -->
</testsuite> <!-- Test edge -->
